[debug] [2023-02-07T06:10:27.587Z] ----------------------------------------------------------------------
[debug] [2023-02-07T06:10:27.589Z] Command:       C:\Program Files\nodejs\node.exe C:\Users\DEV\AppData\Roaming\npm\node_modules\firebase-tools\lib\bin\firebase.js init
[debug] [2023-02-07T06:10:27.590Z] CLI Version:   11.22.0
[debug] [2023-02-07T06:10:27.591Z] Platform:      win32
[debug] [2023-02-07T06:10:27.591Z] Node Version:  v16.18.0
[debug] [2023-02-07T06:10:27.592Z] Time:          Tue Feb 07 2023 01:10:27 GMT-0500 (Eastern Standard Time)
[debug] [2023-02-07T06:10:27.592Z] ----------------------------------------------------------------------
[debug] 
[debug] [2023-02-07T06:10:27.684Z] > command requires scopes: ["email","openid","https://www.googleapis.com/auth/cloudplatformprojects.readonly","https://www.googleapis.com/auth/firebase","https://www.googleapis.com/auth/cloud-platform"]
[debug] [2023-02-07T06:10:27.685Z] > authorizing via signed-in user (adityabhan99@gmail.com)
[info] 
     ######## #### ########  ######## ########     ###     ######  ########
     ##        ##  ##     ## ##       ##     ##  ##   ##  ##       ##
     ######    ##  ########  ######   ########  #########  ######  ######
     ##        ##  ##    ##  ##       ##     ## ##     ##       ## ##
     ##       #### ##     ## ######## ########  ##     ##  ######  ########

You're about to initialize a Firebase project in this directory:

  C:\Users\DEV\Downloads\BostonUniversity\current_projects\uscolleges

Before we get started, keep in mind:

  * You are initializing within an existing Firebase project directory

